{
  "stats": {
    "suites": 1,
    "tests": 7,
    "passes": 5,
    "pending": 0,
    "failures": 2,
    "start": "2025-08-16T15:26:53.912Z",
    "end": "2025-08-16T15:27:01.108Z",
    "duration": 7196,
    "testsRegistered": 7,
    "passPercent": 71.42857142857143,
    "pendingPercent": 0,
    "other": 0,
    "hasOther": false,
    "skipped": 0,
    "hasSkipped": false
  },
  "results": [
    {
      "uuid": "23b0b2fa-bfc3-435f-8e7f-de9aafe8ffb4",
      "title": "",
      "fullFile": "cypress/e2e/main.cy.ts",
      "file": "cypress/e2e/main.cy.ts",
      "beforeHooks": [],
      "afterHooks": [],
      "tests": [],
      "suites": [
        {
          "uuid": "03ea308f-8502-424e-b322-8371c6ae4a02",
          "title": "Cypress Tests",
          "fullFile": "",
          "file": "",
          "beforeHooks": [],
          "afterHooks": [],
          "tests": [
            {
              "title": "Should load the page",
              "fullTitle": "Cypress Tests Should load the page",
              "timedOut": null,
              "duration": 591,
              "state": "passed",
              "speed": "fast",
              "pass": true,
              "fail": false,
              "pending": false,
              "context": null,
              "code": "cy.get('h1').should('be.visible');\ncy.get('nav').should('exist');",
              "err": {},
              "uuid": "baf5f1f0-5491-4a13-97d2-1c4f627c0874",
              "parentUUID": "03ea308f-8502-424e-b322-8371c6ae4a02",
              "isHook": false,
              "skipped": false
            },
            {
              "title": "Should input a row on the dynamic table",
              "fullTitle": "Cypress Tests Should input a row on the dynamic table",
              "timedOut": null,
              "duration": 492,
              "state": "passed",
              "speed": "fast",
              "pass": true,
              "fail": false,
              "pending": false,
              "context": null,
              "code": "cy.get('input[name=\"name\"]').type(\"Testing\");\ncy.get('button[type=\"submit\"]').click();\ncy.get('div[class=\"toast\"]').should('be.visible');\ncy.get('tr').should('be.visible');",
              "err": {},
              "uuid": "0ed9402a-f51d-46f0-bb81-cfe79bb77609",
              "parentUUID": "03ea308f-8502-424e-b322-8371c6ae4a02",
              "isHook": false,
              "skipped": false
            },
            {
              "title": "Should remove a row on the dynamic table",
              "fullTitle": "Cypress Tests Should remove a row on the dynamic table",
              "timedOut": null,
              "duration": 454,
              "state": "passed",
              "speed": "fast",
              "pass": true,
              "fail": false,
              "pending": false,
              "context": null,
              "code": "cy.get('table tr').should('have.length', 1);\ncy.get('input[name=\"name\"]').type(\"Testing\");\ncy.get('button[type=\"submit\"]').click();\ncy.get('div[class=\"toast\"]').should('be.visible');\ncy.get('tr').should('be.visible');\ncy.get('table tr').should('have.length', 2);\ncy.get('.delete-row').click();\ncy.get('table tr').should('have.length', 1);",
              "err": {},
              "uuid": "5aadac05-b700-4b54-927c-591a61769ea9",
              "parentUUID": "03ea308f-8502-424e-b322-8371c6ae4a02",
              "isHook": false,
              "skipped": false
            },
            {
              "title": "Should display accordion content when accordion header is clicked",
              "fullTitle": "Cypress Tests Should display accordion content when accordion header is clicked",
              "timedOut": null,
              "duration": 182,
              "state": "passed",
              "speed": "fast",
              "pass": true,
              "fail": false,
              "pending": false,
              "context": null,
              "code": "cy.get('button[class=\"accordion-header\"]').contains(\"Item 1\").click();\ncy.get('.accordion-content > p').should('be.visible');",
              "err": {},
              "uuid": "a49e2c9e-f63b-4dda-8452-669b1e717cf2",
              "parentUUID": "03ea308f-8502-424e-b322-8371c6ae4a02",
              "isHook": false,
              "skipped": false
            },
            {
              "title": "Should have a width of 0% initially",
              "fullTitle": "Cypress Tests Should have a width of 0% initially",
              "timedOut": null,
              "duration": 90,
              "state": "passed",
              "speed": "fast",
              "pass": true,
              "fail": false,
              "pending": false,
              "context": null,
              "code": "cy.get('#progress-bar')\n    .should('have.css', 'width', '0px');",
              "err": {},
              "uuid": "27c6841b-c6f9-4dd5-b26d-0e0b6aa5dbe7",
              "parentUUID": "03ea308f-8502-424e-b322-8371c6ae4a02",
              "isHook": false,
              "skipped": false
            },
            {
              "title": "Should have a width greater than 0px after clicking \"Update Progress\"",
              "fullTitle": "Cypress Tests Should have a width greater than 0px after clicking \"Update Progress\"",
              "timedOut": null,
              "duration": 997,
              "state": "failed",
              "speed": null,
              "pass": false,
              "fail": true,
              "pending": false,
              "context": null,
              "code": "cy.get('#update-progress').click();\ncy.wait(500);\ncy.get('#progress-bar')\n    .invoke('css', 'width')\n    .then((width) => {\n    const widthValue = parseFloat(width);\n    expect(widthValue).to.be.greaterThan(0);\n});",
              "err": {
                "message": "AssertionError: expected 0 to be above 0",
                "estack": "AssertionError: expected 0 to be above 0\n    at Context.eval (webpack://your-project-name/./cypress/e2e/main.cy.ts:40:0)\n    at getRet (https://justin-wilkins.netlify.app/__cypress/runner/cypress_runner.js:118278:20)\n    at tryCatcher (https://justin-wilkins.netlify.app/__cypress/runner/cypress_runner.js:1777:23)\n    at Promise.attempt.Promise.try (https://justin-wilkins.netlify.app/__cypress/runner/cypress_runner.js:4285:29)\n    at Context.thenFn (https://justin-wilkins.netlify.app/__cypress/runner/cypress_runner.js:118289:66)\n    at Context.then (https://justin-wilkins.netlify.app/__cypress/runner/cypress_runner.js:118540:21)",
                "diff": ""
              },
              "uuid": "3264171c-d3bd-4471-9cae-c756e3f27fbe",
              "parentUUID": "03ea308f-8502-424e-b322-8371c6ae4a02",
              "isHook": false,
              "skipped": false
            },
            {
              "title": "Should fail",
              "fullTitle": "Cypress Tests Should fail",
              "timedOut": null,
              "duration": 4179,
              "state": "failed",
              "speed": null,
              "pass": false,
              "fail": true,
              "pending": false,
              "context": null,
              "code": "cy.get('Fail');",
              "err": {
                "message": "AssertionError: Timed out retrying after 4000ms: Expected to find element: `Fail`, but never found it.",
                "estack": "AssertionError: Timed out retrying after 4000ms: Expected to find element: `Fail`, but never found it.\n    at Context.eval (webpack://your-project-name/./cypress/e2e/main.cy.ts:44:0)",
                "diff": null
              },
              "uuid": "08bfdc3c-2a91-4f9e-b891-27becf493083",
              "parentUUID": "03ea308f-8502-424e-b322-8371c6ae4a02",
              "isHook": false,
              "skipped": false
            }
          ],
          "suites": [],
          "passes": [
            "baf5f1f0-5491-4a13-97d2-1c4f627c0874",
            "0ed9402a-f51d-46f0-bb81-cfe79bb77609",
            "5aadac05-b700-4b54-927c-591a61769ea9",
            "a49e2c9e-f63b-4dda-8452-669b1e717cf2",
            "27c6841b-c6f9-4dd5-b26d-0e0b6aa5dbe7"
          ],
          "failures": [
            "3264171c-d3bd-4471-9cae-c756e3f27fbe",
            "08bfdc3c-2a91-4f9e-b891-27becf493083"
          ],
          "pending": [],
          "skipped": [],
          "duration": 6985,
          "root": false,
          "rootEmpty": false,
          "_timeout": 2000
        }
      ],
      "passes": [],
      "failures": [],
      "pending": [],
      "skipped": [],
      "duration": 0,
      "root": true,
      "rootEmpty": true,
      "_timeout": 2000
    }
  ],
  "meta": {
    "mocha": {
      "version": "7.0.1"
    },
    "mochawesome": {
      "options": {
        "quiet": false,
        "reportFilename": "mochawesome",
        "saveHtml": false,
        "saveJson": true,
        "consoleReporter": "spec",
        "useInlineDiffs": false,
        "code": true
      },
      "version": "7.1.3"
    },
    "marge": {
      "options": {
        "reportDir": "src/html-report",
        "overwrite": true,
        "html": false,
        "json": true
      },
      "version": "6.2.0"
    }
  }
}