{
  "stats": {
    "suites": 1,
    "tests": 4,
    "passes": 3,
    "pending": 0,
    "failures": 1,
    "start": "2025-10-14T23:03:16.638Z",
    "end": "2025-10-14T23:04:29.482Z",
    "duration": 72844,
    "testsRegistered": 7,
    "passPercent": 42.857142857142854,
    "pendingPercent": 0,
    "other": 0,
    "hasOther": false,
    "skipped": 3,
    "hasSkipped": true
  },
  "results": [
    {
      "uuid": "11b901d9-92c7-438d-99c3-325126058787",
      "title": "",
      "fullFile": "cypress/e2e/main.cy.ts",
      "file": "cypress/e2e/main.cy.ts",
      "beforeHooks": [],
      "afterHooks": [],
      "tests": [],
      "suites": [
        {
          "uuid": "8a9339b6-4bbf-4ff7-8557-aa1ebf74887a",
          "title": "Cypress Tests",
          "fullFile": "",
          "file": "",
          "beforeHooks": [],
          "afterHooks": [],
          "tests": [
            {
              "title": "Should load the page",
              "fullTitle": "Cypress Tests Should load the page",
              "timedOut": null,
              "duration": 11785,
              "state": "passed",
              "speed": "slow",
              "pass": true,
              "fail": false,
              "pending": false,
              "context": null,
              "code": "cy.get('h1').should('be.visible');\ncy.get('nav').should('exist');",
              "err": {},
              "uuid": "54120719-9082-4c22-ad64-041715d6ad5f",
              "parentUUID": "8a9339b6-4bbf-4ff7-8557-aa1ebf74887a",
              "isHook": false,
              "skipped": false
            },
            {
              "title": "Should input a row on the dynamic table",
              "fullTitle": "Cypress Tests Should input a row on the dynamic table",
              "timedOut": null,
              "duration": 406,
              "state": "passed",
              "speed": "fast",
              "pass": true,
              "fail": false,
              "pending": false,
              "context": null,
              "code": "cy.get('input[name=\"name\"]').type(\"Testing\");\ncy.get('button[type=\"submit\"]').click();\ncy.get('div[class=\"toast\"]').should('be.visible');\ncy.get('tr').should('be.visible');",
              "err": {},
              "uuid": "155f5ccd-780f-4b5c-99fb-e60d5a3c59b2",
              "parentUUID": "8a9339b6-4bbf-4ff7-8557-aa1ebf74887a",
              "isHook": false,
              "skipped": false
            },
            {
              "title": "Should remove a row on the dynamic table",
              "fullTitle": "Cypress Tests Should remove a row on the dynamic table",
              "timedOut": null,
              "duration": 452,
              "state": "passed",
              "speed": "fast",
              "pass": true,
              "fail": false,
              "pending": false,
              "context": null,
              "code": "cy.get('table tr').should('have.length', 1);\ncy.get('input[name=\"name\"]').type(\"Testing\");\ncy.get('button[type=\"submit\"]').click();\ncy.get('div[class=\"toast\"]').should('be.visible');\ncy.get('tr').should('be.visible');\ncy.get('table tr').should('have.length', 2);\ncy.get('.delete-row').click();\ncy.get('table tr').should('have.length', 1);",
              "err": {},
              "uuid": "e9addd2a-3b92-4898-b968-b496b03c9070",
              "parentUUID": "8a9339b6-4bbf-4ff7-8557-aa1ebf74887a",
              "isHook": false,
              "skipped": false
            },
            {
              "title": "Should display accordion content when accordion header is clicked",
              "fullTitle": "Cypress Tests Should display accordion content when accordion header is clicked",
              "timedOut": null,
              "duration": 60017,
              "state": "failed",
              "speed": null,
              "pass": false,
              "fail": true,
              "pending": false,
              "context": null,
              "code": "cy.get('button[class=\"accordion-header\"]').contains(\"Item 1\").click();\ncy.get('.accordion-content > p').should('be.visible');",
              "err": {
                "message": "CypressError: Timed out after waiting `60000ms` for your remote page to load.\n\nYour page did not fire its `load` event within `60000ms`.\n\nYou can try increasing the `pageLoadTimeout` value in `cypress.config.js` to wait longer.\n\nBrowsers will not fire the `load` event until all stylesheets and scripts are done downloading.\n\nWhen this `load` event occurs, Cypress will continue running commands.\n\nBecause this error occurred during a `before each` hook we are skipping the remaining tests in the current suite: `Cypress Tests`",
                "estack": "CypressError: Timed out after waiting `60000ms` for your remote page to load.\n\nYour page did not fire its `load` event within `60000ms`.\n\nYou can try increasing the `pageLoadTimeout` value in `cypress.config.js` to wait longer.\n\nBrowsers will not fire the `load` event until all stylesheets and scripts are done downloading.\n\nWhen this `load` event occurs, Cypress will continue running commands.\n\nBecause this error occurred during a `before each` hook we are skipping the remaining tests in the current suite: `Cypress Tests`\n    at timedOutWaitingForPageLoad (https://justin-wilkins.netlify.app/__cypress/runner/cypress_runner.js:130353:64)\n    at <unknown> (https://justin-wilkins.netlify.app/__cypress/runner/cypress_runner.js:131347:16)\n    at tryCatcher (https://justin-wilkins.netlify.app/__cypress/runner/cypress_runner.js:1777:23)\n    at <unknown> (https://justin-wilkins.netlify.app/__cypress/runner/cypress_runner.js:4156:41)\n    at tryCatcher (https://justin-wilkins.netlify.app/__cypress/runner/cypress_runner.js:1777:23)\n    at Promise._settlePromiseFromHandler (https://justin-wilkins.netlify.app/__cypress/runner/cypress_runner.js:1489:31)\n    at Promise._settlePromise (https://justin-wilkins.netlify.app/__cypress/runner/cypress_runner.js:1546:18)\n    at Promise._settlePromise0 (https://justin-wilkins.netlify.app/__cypress/runner/cypress_runner.js:1591:10)\n    at Promise._settlePromises (https://justin-wilkins.netlify.app/__cypress/runner/cypress_runner.js:1667:18)\n    at _drainQueueStep (https://justin-wilkins.netlify.app/__cypress/runner/cypress_runner.js:2377:12)\n    at _drainQueue (https://justin-wilkins.netlify.app/__cypress/runner/cypress_runner.js:2370:9)\n    at Async._drainQueues (https://justin-wilkins.netlify.app/__cypress/runner/cypress_runner.js:2386:5)\n    at Async.drainQueues (https://justin-wilkins.netlify.app/__cypress/runner/cypress_runner.js:2256:14)\nFrom Your Spec Code:\n    at Context.eval (webpack://your-project-name/./cypress/e2e/main.cy.ts:3:0)",
                "diff": null
              },
              "uuid": "b21e5e9b-a3dc-416f-a476-8b0faeb438a2",
              "parentUUID": "8a9339b6-4bbf-4ff7-8557-aa1ebf74887a",
              "isHook": false,
              "skipped": false
            },
            {
              "title": "Should have a width of 0% initially",
              "fullTitle": "Cypress Tests Should have a width of 0% initially",
              "timedOut": null,
              "duration": 0,
              "state": "skipped",
              "speed": null,
              "pass": false,
              "fail": false,
              "pending": false,
              "context": null,
              "code": "cy.get('#progress-bar')\n    .should('have.css', 'width', '0px');",
              "err": {},
              "uuid": "d686c466-1924-4a57-aaf8-1d73bd9f1dbc",
              "parentUUID": "8a9339b6-4bbf-4ff7-8557-aa1ebf74887a",
              "isHook": false,
              "skipped": true
            },
            {
              "title": "Should have a width greater than 0px after clicking \"Update Progress\"",
              "fullTitle": "Cypress Tests Should have a width greater than 0px after clicking \"Update Progress\"",
              "timedOut": null,
              "duration": 0,
              "state": "skipped",
              "speed": null,
              "pass": false,
              "fail": false,
              "pending": false,
              "context": null,
              "code": "cy.get('#update-progress').click();\ncy.wait(500);\ncy.get('#progress-bar')\n    .invoke('css', 'width')\n    .then((width) => {\n    const widthValue = parseFloat(width);\n    expect(widthValue).to.be.greaterThan(0);\n});",
              "err": {},
              "uuid": "ef71be09-ebf3-49ff-aefd-7f042f3ca1c5",
              "parentUUID": "8a9339b6-4bbf-4ff7-8557-aa1ebf74887a",
              "isHook": false,
              "skipped": true
            },
            {
              "title": "Should fail",
              "fullTitle": "Cypress Tests Should fail",
              "timedOut": null,
              "duration": 0,
              "state": "skipped",
              "speed": null,
              "pass": false,
              "fail": false,
              "pending": false,
              "context": null,
              "code": "cy.get('Fail');",
              "err": {},
              "uuid": "b9e275e8-992a-4fda-9dca-4ca3e7c3a899",
              "parentUUID": "8a9339b6-4bbf-4ff7-8557-aa1ebf74887a",
              "isHook": false,
              "skipped": true
            }
          ],
          "suites": [],
          "passes": [
            "54120719-9082-4c22-ad64-041715d6ad5f",
            "155f5ccd-780f-4b5c-99fb-e60d5a3c59b2",
            "e9addd2a-3b92-4898-b968-b496b03c9070"
          ],
          "failures": [
            "b21e5e9b-a3dc-416f-a476-8b0faeb438a2"
          ],
          "pending": [],
          "skipped": [
            "d686c466-1924-4a57-aaf8-1d73bd9f1dbc",
            "ef71be09-ebf3-49ff-aefd-7f042f3ca1c5",
            "b9e275e8-992a-4fda-9dca-4ca3e7c3a899"
          ],
          "duration": 72660,
          "root": false,
          "rootEmpty": false,
          "_timeout": 2000
        }
      ],
      "passes": [],
      "failures": [],
      "pending": [],
      "skipped": [],
      "duration": 0,
      "root": true,
      "rootEmpty": true,
      "_timeout": 2000
    }
  ],
  "meta": {
    "mocha": {
      "version": "7.0.1"
    },
    "mochawesome": {
      "options": {
        "quiet": false,
        "reportFilename": "mochawesome",
        "saveHtml": false,
        "saveJson": true,
        "consoleReporter": "spec",
        "useInlineDiffs": false,
        "code": true
      },
      "version": "7.1.3"
    },
    "marge": {
      "options": {
        "reportDir": "src/html-report",
        "overwrite": true,
        "html": false,
        "json": true
      },
      "version": "6.2.0"
    }
  }
}