{
  "stats": {
    "suites": 1,
    "tests": 2,
    "passes": 1,
    "pending": 0,
    "failures": 1,
    "start": "2025-02-09T04:23:06.301Z",
    "end": "2025-02-09T04:23:11.013Z",
    "duration": 4712,
    "testsRegistered": 2,
    "passPercent": 50,
    "pendingPercent": 0,
    "other": 0,
    "hasOther": false,
    "skipped": 0,
    "hasSkipped": false
  },
  "results": [
    {
      "uuid": "a7d4fc82-65cf-4541-bed8-419a0aac16e3",
      "title": "",
      "fullFile": "cypress/e2e/main.cy.ts",
      "file": "cypress/e2e/main.cy.ts",
      "beforeHooks": [],
      "afterHooks": [],
      "tests": [],
      "suites": [
        {
          "uuid": "4ebf4419-9be1-4168-880f-a20c59054614",
          "title": "Cypress Tests",
          "fullFile": "",
          "file": "",
          "beforeHooks": [],
          "afterHooks": [],
          "tests": [
            {
              "title": "Should load the page",
              "fullTitle": "Cypress Tests Should load the page",
              "timedOut": null,
              "duration": 394,
              "state": "passed",
              "speed": "fast",
              "pass": true,
              "fail": false,
              "pending": false,
              "context": null,
              "code": "cy.get('h1').should('be.visible');\ncy.get('nav').should('exist');",
              "err": {},
              "uuid": "82304193-92df-4593-8c8d-41f20bc75614",
              "parentUUID": "4ebf4419-9be1-4168-880f-a20c59054614",
              "isHook": false,
              "skipped": false
            },
            {
              "title": "Should fail",
              "fullTitle": "Cypress Tests Should fail",
              "timedOut": null,
              "duration": 4283,
              "state": "failed",
              "speed": null,
              "pass": false,
              "fail": true,
              "pending": false,
              "context": null,
              "code": "cy.get('YoMomma');",
              "err": {
                "message": "AssertionError: Timed out retrying after 4000ms: Expected to find element: `YoMomma`, but never found it.",
                "estack": "AssertionError: Timed out retrying after 4000ms: Expected to find element: `YoMomma`, but never found it.\n    at Context.eval (webpack://your-project-name/./cypress/e2e/main.cy.ts:10:0)",
                "diff": null
              },
              "uuid": "fce72917-0499-4302-a850-306de1203607",
              "parentUUID": "4ebf4419-9be1-4168-880f-a20c59054614",
              "isHook": false,
              "skipped": false
            }
          ],
          "suites": [],
          "passes": [
            "82304193-92df-4593-8c8d-41f20bc75614"
          ],
          "failures": [
            "fce72917-0499-4302-a850-306de1203607"
          ],
          "pending": [],
          "skipped": [],
          "duration": 4677,
          "root": false,
          "rootEmpty": false,
          "_timeout": 2000
        }
      ],
      "passes": [],
      "failures": [],
      "pending": [],
      "skipped": [],
      "duration": 0,
      "root": true,
      "rootEmpty": true,
      "_timeout": 2000
    }
  ],
  "meta": {
    "mocha": {
      "version": "7.0.1"
    },
    "mochawesome": {
      "options": {
        "quiet": false,
        "reportFilename": "mochawesome",
        "saveHtml": false,
        "saveJson": true,
        "consoleReporter": "spec",
        "useInlineDiffs": false,
        "code": true
      },
      "version": "7.1.3"
    },
    "marge": {
      "options": {
        "reportDir": "src/html-report",
        "overwrite": true,
        "html": false,
        "json": true
      },
      "version": "6.2.0"
    }
  }
}