{
  "stats": {
    "suites": 1,
    "tests": 2,
    "passes": 1,
    "pending": 0,
    "failures": 1,
    "start": "2025-10-21T21:41:39.519Z",
    "end": "2025-10-21T21:42:51.745Z",
    "duration": 72226,
    "testsRegistered": 7,
    "passPercent": 14.285714285714285,
    "pendingPercent": 0,
    "other": 0,
    "hasOther": false,
    "skipped": 5,
    "hasSkipped": true
  },
  "results": [
    {
      "uuid": "bb9b8e28-94f1-4eba-ad23-c8ccdee2d0e5",
      "title": "",
      "fullFile": "cypress/e2e/main.cy.ts",
      "file": "cypress/e2e/main.cy.ts",
      "beforeHooks": [],
      "afterHooks": [],
      "tests": [],
      "suites": [
        {
          "uuid": "538a7a39-fe77-4dcb-835e-3175d9f507fd",
          "title": "Cypress Tests",
          "fullFile": "",
          "file": "",
          "beforeHooks": [],
          "afterHooks": [],
          "tests": [
            {
              "title": "Should load the page",
              "fullTitle": "Cypress Tests Should load the page",
              "timedOut": null,
              "duration": 12094,
              "state": "passed",
              "speed": "slow",
              "pass": true,
              "fail": false,
              "pending": false,
              "context": null,
              "code": "cy.get('h1').should('be.visible');\ncy.get('nav').should('exist');",
              "err": {},
              "uuid": "bf1ecb95-df56-4ad9-bf69-3bb0959a7d44",
              "parentUUID": "538a7a39-fe77-4dcb-835e-3175d9f507fd",
              "isHook": false,
              "skipped": false
            },
            {
              "title": "Should input a row on the dynamic table",
              "fullTitle": "Cypress Tests Should input a row on the dynamic table",
              "timedOut": null,
              "duration": 60023,
              "state": "failed",
              "speed": null,
              "pass": false,
              "fail": true,
              "pending": false,
              "context": null,
              "code": "cy.get('input[name=\"name\"]').type(\"Testing\");\ncy.get('button[type=\"submit\"]').click();\ncy.get('div[class=\"toast\"]').should('be.visible');\ncy.get('tr').should('be.visible');",
              "err": {
                "message": "CypressError: Timed out after waiting `60000ms` for your remote page to load.\n\nYour page did not fire its `load` event within `60000ms`.\n\nYou can try increasing the `pageLoadTimeout` value in `cypress.config.js` to wait longer.\n\nBrowsers will not fire the `load` event until all stylesheets and scripts are done downloading.\n\nWhen this `load` event occurs, Cypress will continue running commands.\n\nBecause this error occurred during a `before each` hook we are skipping the remaining tests in the current suite: `Cypress Tests`",
                "estack": "CypressError: Timed out after waiting `60000ms` for your remote page to load.\n\nYour page did not fire its `load` event within `60000ms`.\n\nYou can try increasing the `pageLoadTimeout` value in `cypress.config.js` to wait longer.\n\nBrowsers will not fire the `load` event until all stylesheets and scripts are done downloading.\n\nWhen this `load` event occurs, Cypress will continue running commands.\n\nBecause this error occurred during a `before each` hook we are skipping the remaining tests in the current suite: `Cypress Tests`\n    at timedOutWaitingForPageLoad (https://justin-wilkins.netlify.app/__cypress/runner/cypress_runner.js:130353:64)\n    at <unknown> (https://justin-wilkins.netlify.app/__cypress/runner/cypress_runner.js:131347:16)\n    at tryCatcher (https://justin-wilkins.netlify.app/__cypress/runner/cypress_runner.js:1777:23)\n    at <unknown> (https://justin-wilkins.netlify.app/__cypress/runner/cypress_runner.js:4156:41)\n    at tryCatcher (https://justin-wilkins.netlify.app/__cypress/runner/cypress_runner.js:1777:23)\n    at Promise._settlePromiseFromHandler (https://justin-wilkins.netlify.app/__cypress/runner/cypress_runner.js:1489:31)\n    at Promise._settlePromise (https://justin-wilkins.netlify.app/__cypress/runner/cypress_runner.js:1546:18)\n    at Promise._settlePromise0 (https://justin-wilkins.netlify.app/__cypress/runner/cypress_runner.js:1591:10)\n    at Promise._settlePromises (https://justin-wilkins.netlify.app/__cypress/runner/cypress_runner.js:1667:18)\n    at _drainQueueStep (https://justin-wilkins.netlify.app/__cypress/runner/cypress_runner.js:2377:12)\n    at _drainQueue (https://justin-wilkins.netlify.app/__cypress/runner/cypress_runner.js:2370:9)\n    at Async._drainQueues (https://justin-wilkins.netlify.app/__cypress/runner/cypress_runner.js:2386:5)\n    at Async.drainQueues (https://justin-wilkins.netlify.app/__cypress/runner/cypress_runner.js:2256:14)\nFrom Your Spec Code:\n    at Context.eval (webpack://your-project-name/./cypress/e2e/main.cy.ts:3:0)",
                "diff": null
              },
              "uuid": "8548cdd0-ca67-4d4c-96c0-2a7daa51330e",
              "parentUUID": "538a7a39-fe77-4dcb-835e-3175d9f507fd",
              "isHook": false,
              "skipped": false
            },
            {
              "title": "Should remove a row on the dynamic table",
              "fullTitle": "Cypress Tests Should remove a row on the dynamic table",
              "timedOut": null,
              "duration": 0,
              "state": "skipped",
              "speed": null,
              "pass": false,
              "fail": false,
              "pending": false,
              "context": null,
              "code": "cy.get('table tr').should('have.length', 1);\ncy.get('input[name=\"name\"]').type(\"Testing\");\ncy.get('button[type=\"submit\"]').click();\ncy.get('div[class=\"toast\"]').should('be.visible');\ncy.get('tr').should('be.visible');\ncy.get('table tr').should('have.length', 2);\ncy.get('.delete-row').click();\ncy.get('table tr').should('have.length', 1);",
              "err": {},
              "uuid": "0647e47e-156d-4699-af36-6d1d17913f2b",
              "parentUUID": "538a7a39-fe77-4dcb-835e-3175d9f507fd",
              "isHook": false,
              "skipped": true
            },
            {
              "title": "Should display accordion content when accordion header is clicked",
              "fullTitle": "Cypress Tests Should display accordion content when accordion header is clicked",
              "timedOut": null,
              "duration": 0,
              "state": "skipped",
              "speed": null,
              "pass": false,
              "fail": false,
              "pending": false,
              "context": null,
              "code": "cy.get('button[class=\"accordion-header\"]').contains(\"Item 1\").click();\ncy.get('.accordion-content > p').should('be.visible');",
              "err": {},
              "uuid": "e7f0514c-16f8-477c-99c4-83991de7fe64",
              "parentUUID": "538a7a39-fe77-4dcb-835e-3175d9f507fd",
              "isHook": false,
              "skipped": true
            },
            {
              "title": "Should have a width of 0% initially",
              "fullTitle": "Cypress Tests Should have a width of 0% initially",
              "timedOut": null,
              "duration": 0,
              "state": "skipped",
              "speed": null,
              "pass": false,
              "fail": false,
              "pending": false,
              "context": null,
              "code": "cy.get('#progress-bar')\n    .should('have.css', 'width', '0px');",
              "err": {},
              "uuid": "6a6bd90d-4aef-4360-842e-0d4a393a7225",
              "parentUUID": "538a7a39-fe77-4dcb-835e-3175d9f507fd",
              "isHook": false,
              "skipped": true
            },
            {
              "title": "Should have a width greater than 0px after clicking \"Update Progress\"",
              "fullTitle": "Cypress Tests Should have a width greater than 0px after clicking \"Update Progress\"",
              "timedOut": null,
              "duration": 0,
              "state": "skipped",
              "speed": null,
              "pass": false,
              "fail": false,
              "pending": false,
              "context": null,
              "code": "cy.get('#update-progress').click();\ncy.wait(500);\ncy.get('#progress-bar')\n    .invoke('css', 'width')\n    .then((width) => {\n    const widthValue = parseFloat(width);\n    expect(widthValue).to.be.greaterThan(0);\n});",
              "err": {},
              "uuid": "476f38fd-463f-4349-9ad1-b09e57ed1102",
              "parentUUID": "538a7a39-fe77-4dcb-835e-3175d9f507fd",
              "isHook": false,
              "skipped": true
            },
            {
              "title": "Should fail",
              "fullTitle": "Cypress Tests Should fail",
              "timedOut": null,
              "duration": 0,
              "state": "skipped",
              "speed": null,
              "pass": false,
              "fail": false,
              "pending": false,
              "context": null,
              "code": "cy.get('Fail');",
              "err": {},
              "uuid": "3c849518-513a-4068-aead-a74a10cc44bb",
              "parentUUID": "538a7a39-fe77-4dcb-835e-3175d9f507fd",
              "isHook": false,
              "skipped": true
            }
          ],
          "suites": [],
          "passes": [
            "bf1ecb95-df56-4ad9-bf69-3bb0959a7d44"
          ],
          "failures": [
            "8548cdd0-ca67-4d4c-96c0-2a7daa51330e"
          ],
          "pending": [],
          "skipped": [
            "0647e47e-156d-4699-af36-6d1d17913f2b",
            "e7f0514c-16f8-477c-99c4-83991de7fe64",
            "6a6bd90d-4aef-4360-842e-0d4a393a7225",
            "476f38fd-463f-4349-9ad1-b09e57ed1102",
            "3c849518-513a-4068-aead-a74a10cc44bb"
          ],
          "duration": 72117,
          "root": false,
          "rootEmpty": false,
          "_timeout": 2000
        }
      ],
      "passes": [],
      "failures": [],
      "pending": [],
      "skipped": [],
      "duration": 0,
      "root": true,
      "rootEmpty": true,
      "_timeout": 2000
    }
  ],
  "meta": {
    "mocha": {
      "version": "7.0.1"
    },
    "mochawesome": {
      "options": {
        "quiet": false,
        "reportFilename": "mochawesome",
        "saveHtml": false,
        "saveJson": true,
        "consoleReporter": "spec",
        "useInlineDiffs": false,
        "code": true
      },
      "version": "7.1.3"
    },
    "marge": {
      "options": {
        "reportDir": "src/html-report",
        "overwrite": true,
        "html": false,
        "json": true
      },
      "version": "6.2.0"
    }
  }
}