{
  "stats": {
    "suites": 1,
    "tests": 7,
    "passes": 5,
    "pending": 0,
    "failures": 2,
    "start": "2025-08-19T01:02:33.635Z",
    "end": "2025-08-19T01:02:40.374Z",
    "duration": 6739,
    "testsRegistered": 7,
    "passPercent": 71.42857142857143,
    "pendingPercent": 0,
    "other": 0,
    "hasOther": false,
    "skipped": 0,
    "hasSkipped": false
  },
  "results": [
    {
      "uuid": "474b3aef-6c10-40b4-ad98-105817c36e77",
      "title": "",
      "fullFile": "cypress/e2e/main.cy.ts",
      "file": "cypress/e2e/main.cy.ts",
      "beforeHooks": [],
      "afterHooks": [],
      "tests": [],
      "suites": [
        {
          "uuid": "6ccb995f-0e0e-4a3d-94f7-c140d5e453c4",
          "title": "Cypress Tests",
          "fullFile": "",
          "file": "",
          "beforeHooks": [],
          "afterHooks": [],
          "tests": [
            {
              "title": "Should load the page",
              "fullTitle": "Cypress Tests Should load the page",
              "timedOut": null,
              "duration": 437,
              "state": "passed",
              "speed": "fast",
              "pass": true,
              "fail": false,
              "pending": false,
              "context": null,
              "code": "cy.get('h1').should('be.visible');\ncy.get('nav').should('exist');",
              "err": {},
              "uuid": "12d06681-2f57-42a1-b71b-933aa34eae09",
              "parentUUID": "6ccb995f-0e0e-4a3d-94f7-c140d5e453c4",
              "isHook": false,
              "skipped": false
            },
            {
              "title": "Should input a row on the dynamic table",
              "fullTitle": "Cypress Tests Should input a row on the dynamic table",
              "timedOut": null,
              "duration": 422,
              "state": "passed",
              "speed": "fast",
              "pass": true,
              "fail": false,
              "pending": false,
              "context": null,
              "code": "cy.get('input[name=\"name\"]').type(\"Testing\");\ncy.get('button[type=\"submit\"]').click();\ncy.get('div[class=\"toast\"]').should('be.visible');\ncy.get('tr').should('be.visible');",
              "err": {},
              "uuid": "bfc3e46d-dc0c-44d6-9b03-e6818ea0e171",
              "parentUUID": "6ccb995f-0e0e-4a3d-94f7-c140d5e453c4",
              "isHook": false,
              "skipped": false
            },
            {
              "title": "Should remove a row on the dynamic table",
              "fullTitle": "Cypress Tests Should remove a row on the dynamic table",
              "timedOut": null,
              "duration": 428,
              "state": "passed",
              "speed": "fast",
              "pass": true,
              "fail": false,
              "pending": false,
              "context": null,
              "code": "cy.get('table tr').should('have.length', 1);\ncy.get('input[name=\"name\"]').type(\"Testing\");\ncy.get('button[type=\"submit\"]').click();\ncy.get('div[class=\"toast\"]').should('be.visible');\ncy.get('tr').should('be.visible');\ncy.get('table tr').should('have.length', 2);\ncy.get('.delete-row').click();\ncy.get('table tr').should('have.length', 1);",
              "err": {},
              "uuid": "40e7947a-ecd4-47a2-b574-b732a69b0e81",
              "parentUUID": "6ccb995f-0e0e-4a3d-94f7-c140d5e453c4",
              "isHook": false,
              "skipped": false
            },
            {
              "title": "Should display accordion content when accordion header is clicked",
              "fullTitle": "Cypress Tests Should display accordion content when accordion header is clicked",
              "timedOut": null,
              "duration": 159,
              "state": "passed",
              "speed": "fast",
              "pass": true,
              "fail": false,
              "pending": false,
              "context": null,
              "code": "cy.get('button[class=\"accordion-header\"]').contains(\"Item 1\").click();\ncy.get('.accordion-content > p').should('be.visible');",
              "err": {},
              "uuid": "5f11a5d0-0752-42a0-9695-c3741fc3eea6",
              "parentUUID": "6ccb995f-0e0e-4a3d-94f7-c140d5e453c4",
              "isHook": false,
              "skipped": false
            },
            {
              "title": "Should have a width of 0% initially",
              "fullTitle": "Cypress Tests Should have a width of 0% initially",
              "timedOut": null,
              "duration": 61,
              "state": "passed",
              "speed": "fast",
              "pass": true,
              "fail": false,
              "pending": false,
              "context": null,
              "code": "cy.get('#progress-bar')\n    .should('have.css', 'width', '0px');",
              "err": {},
              "uuid": "64150883-2119-4716-a939-7aeebb96935f",
              "parentUUID": "6ccb995f-0e0e-4a3d-94f7-c140d5e453c4",
              "isHook": false,
              "skipped": false
            },
            {
              "title": "Should have a width greater than 0px after clicking \"Update Progress\"",
              "fullTitle": "Cypress Tests Should have a width greater than 0px after clicking \"Update Progress\"",
              "timedOut": null,
              "duration": 914,
              "state": "failed",
              "speed": null,
              "pass": false,
              "fail": true,
              "pending": false,
              "context": null,
              "code": "cy.get('#update-progress').click();\ncy.wait(500);\ncy.get('#progress-bar')\n    .invoke('css', 'width')\n    .then((width) => {\n    const widthValue = parseFloat(width);\n    expect(widthValue).to.be.greaterThan(0);\n});",
              "err": {
                "message": "AssertionError: expected 0 to be above 0",
                "estack": "AssertionError: expected 0 to be above 0\n    at Context.eval (webpack://your-project-name/./cypress/e2e/main.cy.ts:40:0)\n    at getRet (https://justin-wilkins.netlify.app/__cypress/runner/cypress_runner.js:118278:20)\n    at tryCatcher (https://justin-wilkins.netlify.app/__cypress/runner/cypress_runner.js:1777:23)\n    at Promise.attempt.Promise.try (https://justin-wilkins.netlify.app/__cypress/runner/cypress_runner.js:4285:29)\n    at Context.thenFn (https://justin-wilkins.netlify.app/__cypress/runner/cypress_runner.js:118289:66)\n    at Context.then (https://justin-wilkins.netlify.app/__cypress/runner/cypress_runner.js:118540:21)",
                "diff": ""
              },
              "uuid": "f602edce-40cb-4abc-8fbc-42ef60cd2bd4",
              "parentUUID": "6ccb995f-0e0e-4a3d-94f7-c140d5e453c4",
              "isHook": false,
              "skipped": false
            },
            {
              "title": "Should fail",
              "fullTitle": "Cypress Tests Should fail",
              "timedOut": null,
              "duration": 4170,
              "state": "failed",
              "speed": null,
              "pass": false,
              "fail": true,
              "pending": false,
              "context": null,
              "code": "cy.get('Fail');",
              "err": {
                "message": "AssertionError: Timed out retrying after 4000ms: Expected to find element: `Fail`, but never found it.",
                "estack": "AssertionError: Timed out retrying after 4000ms: Expected to find element: `Fail`, but never found it.\n    at Context.eval (webpack://your-project-name/./cypress/e2e/main.cy.ts:44:0)",
                "diff": null
              },
              "uuid": "cf2be26d-3364-4021-b77a-2d9e653a4b3e",
              "parentUUID": "6ccb995f-0e0e-4a3d-94f7-c140d5e453c4",
              "isHook": false,
              "skipped": false
            }
          ],
          "suites": [],
          "passes": [
            "12d06681-2f57-42a1-b71b-933aa34eae09",
            "bfc3e46d-dc0c-44d6-9b03-e6818ea0e171",
            "40e7947a-ecd4-47a2-b574-b732a69b0e81",
            "5f11a5d0-0752-42a0-9695-c3741fc3eea6",
            "64150883-2119-4716-a939-7aeebb96935f"
          ],
          "failures": [
            "f602edce-40cb-4abc-8fbc-42ef60cd2bd4",
            "cf2be26d-3364-4021-b77a-2d9e653a4b3e"
          ],
          "pending": [],
          "skipped": [],
          "duration": 6591,
          "root": false,
          "rootEmpty": false,
          "_timeout": 2000
        }
      ],
      "passes": [],
      "failures": [],
      "pending": [],
      "skipped": [],
      "duration": 0,
      "root": true,
      "rootEmpty": true,
      "_timeout": 2000
    }
  ],
  "meta": {
    "mocha": {
      "version": "7.0.1"
    },
    "mochawesome": {
      "options": {
        "quiet": false,
        "reportFilename": "mochawesome",
        "saveHtml": false,
        "saveJson": true,
        "consoleReporter": "spec",
        "useInlineDiffs": false,
        "code": true
      },
      "version": "7.1.3"
    },
    "marge": {
      "options": {
        "reportDir": "src/html-report",
        "overwrite": true,
        "html": false,
        "json": true
      },
      "version": "6.2.0"
    }
  }
}