{
  "stats": {
    "suites": 1,
    "tests": 7,
    "passes": 6,
    "pending": 0,
    "failures": 1,
    "start": "2025-10-14T18:19:21.587Z",
    "end": "2025-10-14T18:19:28.281Z",
    "duration": 6694,
    "testsRegistered": 7,
    "passPercent": 85.71428571428571,
    "pendingPercent": 0,
    "other": 0,
    "hasOther": false,
    "skipped": 0,
    "hasSkipped": false
  },
  "results": [
    {
      "uuid": "9f47551a-844f-469f-bd13-aea069bd5b33",
      "title": "",
      "fullFile": "cypress/e2e/main.cy.ts",
      "file": "cypress/e2e/main.cy.ts",
      "beforeHooks": [],
      "afterHooks": [],
      "tests": [],
      "suites": [
        {
          "uuid": "bb216dbe-4e51-4d75-b3ea-8244c2ef4445",
          "title": "Cypress Tests",
          "fullFile": "",
          "file": "",
          "beforeHooks": [],
          "afterHooks": [],
          "tests": [
            {
              "title": "Should load the page",
              "fullTitle": "Cypress Tests Should load the page",
              "timedOut": null,
              "duration": 768,
              "state": "passed",
              "speed": "fast",
              "pass": true,
              "fail": false,
              "pending": false,
              "context": null,
              "code": "cy.get('h1').should('be.visible');\ncy.get('nav').should('exist');",
              "err": {},
              "uuid": "35da0bd2-ca05-48ec-8a85-b9cb8897fe6d",
              "parentUUID": "bb216dbe-4e51-4d75-b3ea-8244c2ef4445",
              "isHook": false,
              "skipped": false
            },
            {
              "title": "Should input a row on the dynamic table",
              "fullTitle": "Cypress Tests Should input a row on the dynamic table",
              "timedOut": null,
              "duration": 425,
              "state": "passed",
              "speed": "fast",
              "pass": true,
              "fail": false,
              "pending": false,
              "context": null,
              "code": "cy.get('input[name=\"name\"]').type(\"Testing\");\ncy.get('button[type=\"submit\"]').click();\ncy.get('div[class=\"toast\"]').should('be.visible');\ncy.get('tr').should('be.visible');",
              "err": {},
              "uuid": "4ac18308-a3c4-4f52-a578-f19b90cd7abd",
              "parentUUID": "bb216dbe-4e51-4d75-b3ea-8244c2ef4445",
              "isHook": false,
              "skipped": false
            },
            {
              "title": "Should remove a row on the dynamic table",
              "fullTitle": "Cypress Tests Should remove a row on the dynamic table",
              "timedOut": null,
              "duration": 433,
              "state": "passed",
              "speed": "fast",
              "pass": true,
              "fail": false,
              "pending": false,
              "context": null,
              "code": "cy.get('table tr').should('have.length', 1);\ncy.get('input[name=\"name\"]').type(\"Testing\");\ncy.get('button[type=\"submit\"]').click();\ncy.get('div[class=\"toast\"]').should('be.visible');\ncy.get('tr').should('be.visible');\ncy.get('table tr').should('have.length', 2);\ncy.get('.delete-row').click();\ncy.get('table tr').should('have.length', 1);",
              "err": {},
              "uuid": "ad064106-9458-4754-a065-2fcb98413167",
              "parentUUID": "bb216dbe-4e51-4d75-b3ea-8244c2ef4445",
              "isHook": false,
              "skipped": false
            },
            {
              "title": "Should display accordion content when accordion header is clicked",
              "fullTitle": "Cypress Tests Should display accordion content when accordion header is clicked",
              "timedOut": null,
              "duration": 143,
              "state": "passed",
              "speed": "fast",
              "pass": true,
              "fail": false,
              "pending": false,
              "context": null,
              "code": "cy.get('button[class=\"accordion-header\"]').contains(\"Item 1\").click();\ncy.get('.accordion-content > p').should('be.visible');",
              "err": {},
              "uuid": "6f6db178-789e-454c-ba7e-a52b22b095eb",
              "parentUUID": "bb216dbe-4e51-4d75-b3ea-8244c2ef4445",
              "isHook": false,
              "skipped": false
            },
            {
              "title": "Should have a width of 0% initially",
              "fullTitle": "Cypress Tests Should have a width of 0% initially",
              "timedOut": null,
              "duration": 61,
              "state": "passed",
              "speed": "fast",
              "pass": true,
              "fail": false,
              "pending": false,
              "context": null,
              "code": "cy.get('#progress-bar')\n    .should('have.css', 'width', '0px');",
              "err": {},
              "uuid": "6645a477-e07a-4a51-8127-66a44e538320",
              "parentUUID": "bb216dbe-4e51-4d75-b3ea-8244c2ef4445",
              "isHook": false,
              "skipped": false
            },
            {
              "title": "Should have a width greater than 0px after clicking \"Update Progress\"",
              "fullTitle": "Cypress Tests Should have a width greater than 0px after clicking \"Update Progress\"",
              "timedOut": null,
              "duration": 646,
              "state": "passed",
              "speed": "fast",
              "pass": true,
              "fail": false,
              "pending": false,
              "context": null,
              "code": "cy.get('#update-progress').click();\ncy.wait(500);\ncy.get('#progress-bar')\n    .invoke('css', 'width')\n    .then((width) => {\n    const widthValue = parseFloat(width);\n    expect(widthValue).to.be.greaterThan(0);\n});",
              "err": {},
              "uuid": "7e129a73-449d-4abc-aae5-f0fc79b28251",
              "parentUUID": "bb216dbe-4e51-4d75-b3ea-8244c2ef4445",
              "isHook": false,
              "skipped": false
            },
            {
              "title": "Should fail",
              "fullTitle": "Cypress Tests Should fail",
              "timedOut": null,
              "duration": 4053,
              "state": "failed",
              "speed": null,
              "pass": false,
              "fail": true,
              "pending": false,
              "context": null,
              "code": "cy.get('Fail');",
              "err": {
                "message": "AssertionError: Timed out retrying after 4000ms: Expected to find element: `Fail`, but never found it.",
                "estack": "AssertionError: Timed out retrying after 4000ms: Expected to find element: `Fail`, but never found it.\n    at Context.eval (webpack://your-project-name/./cypress/e2e/main.cy.ts:44:0)",
                "diff": null
              },
              "uuid": "8899a325-747e-45d4-97c0-6ae431a18170",
              "parentUUID": "bb216dbe-4e51-4d75-b3ea-8244c2ef4445",
              "isHook": false,
              "skipped": false
            }
          ],
          "suites": [],
          "passes": [
            "35da0bd2-ca05-48ec-8a85-b9cb8897fe6d",
            "4ac18308-a3c4-4f52-a578-f19b90cd7abd",
            "ad064106-9458-4754-a065-2fcb98413167",
            "6f6db178-789e-454c-ba7e-a52b22b095eb",
            "6645a477-e07a-4a51-8127-66a44e538320",
            "7e129a73-449d-4abc-aae5-f0fc79b28251"
          ],
          "failures": [
            "8899a325-747e-45d4-97c0-6ae431a18170"
          ],
          "pending": [],
          "skipped": [],
          "duration": 6529,
          "root": false,
          "rootEmpty": false,
          "_timeout": 2000
        }
      ],
      "passes": [],
      "failures": [],
      "pending": [],
      "skipped": [],
      "duration": 0,
      "root": true,
      "rootEmpty": true,
      "_timeout": 2000
    }
  ],
  "meta": {
    "mocha": {
      "version": "7.0.1"
    },
    "mochawesome": {
      "options": {
        "quiet": false,
        "reportFilename": "mochawesome",
        "saveHtml": false,
        "saveJson": true,
        "consoleReporter": "spec",
        "useInlineDiffs": false,
        "code": true
      },
      "version": "7.1.3"
    },
    "marge": {
      "options": {
        "reportDir": "src/html-report",
        "overwrite": true,
        "html": false,
        "json": true
      },
      "version": "6.2.0"
    }
  }
}