{
  "stats": {
    "suites": 1,
    "tests": 4,
    "passes": 2,
    "pending": 0,
    "failures": 2,
    "start": "2025-02-09T04:51:52.149Z",
    "end": "2025-02-09T04:52:01.539Z",
    "duration": 9390,
    "testsRegistered": 4,
    "passPercent": 50,
    "pendingPercent": 0,
    "other": 0,
    "hasOther": false,
    "skipped": 0,
    "hasSkipped": false
  },
  "results": [
    {
      "uuid": "7c3ee7fa-bb5f-434a-874f-4e5ddd863d33",
      "title": "",
      "fullFile": "cypress/e2e/main.cy.ts",
      "file": "cypress/e2e/main.cy.ts",
      "beforeHooks": [],
      "afterHooks": [],
      "tests": [],
      "suites": [
        {
          "uuid": "959f821f-2d28-4d78-8637-9a1466efb666",
          "title": "Cypress Tests",
          "fullFile": "",
          "file": "",
          "beforeHooks": [],
          "afterHooks": [],
          "tests": [
            {
              "title": "Should load the page",
              "fullTitle": "Cypress Tests Should load the page",
              "timedOut": null,
              "duration": 427,
              "state": "passed",
              "speed": "fast",
              "pass": true,
              "fail": false,
              "pending": false,
              "context": null,
              "code": "cy.get('h1').should('be.visible');\ncy.get('nav').should('exist');",
              "err": {},
              "uuid": "d1cb7a9d-c201-4522-9b01-a603f9857ebf",
              "parentUUID": "959f821f-2d28-4d78-8637-9a1466efb666",
              "isHook": false,
              "skipped": false
            },
            {
              "title": "Should input a row on the dynamic table",
              "fullTitle": "Cypress Tests Should input a row on the dynamic table",
              "timedOut": null,
              "duration": 403,
              "state": "passed",
              "speed": "fast",
              "pass": true,
              "fail": false,
              "pending": false,
              "context": null,
              "code": "cy.get('input[name=\"name\"]').type(\"Testing\");\ncy.get('button[type=\"submit\"]').click();\ncy.get('div[class=\"toast\"]').should('be.visible');\ncy.get('tr').should('be.visible');",
              "err": {},
              "uuid": "db374448-2d71-4d7e-b759-61f57e4616f0",
              "parentUUID": "959f821f-2d28-4d78-8637-9a1466efb666",
              "isHook": false,
              "skipped": false
            },
            {
              "title": "Should display accordion content when accordion header is clicked",
              "fullTitle": "Cypress Tests Should display accordion content when accordion header is clicked",
              "timedOut": null,
              "duration": 4302,
              "state": "failed",
              "speed": null,
              "pass": false,
              "fail": true,
              "pending": false,
              "context": null,
              "code": "cy.get('button[class=\"accordion-header\"]').contains(\"Item 1\").click();\ncy.get('div[class=\"accordion-content\"]').should('be.visible').contains(\"This is the content of Item 1.\");",
              "err": {
                "message": "AssertionError: Timed out retrying after 4000ms: Expected to find content: 'This is the content of Item 1.' within the element: <div.accordion-content> but never did.",
                "estack": "AssertionError: Timed out retrying after 4000ms: Expected to find content: 'This is the content of Item 1.' within the element: <div.accordion-content> but never did.\n    at Context.eval (webpack://your-project-name/./cypress/e2e/main.cy.ts:17:0)",
                "diff": null
              },
              "uuid": "4a20518a-c9f8-4daa-bb76-8252db383af8",
              "parentUUID": "959f821f-2d28-4d78-8637-9a1466efb666",
              "isHook": false,
              "skipped": false
            },
            {
              "title": "Should fail",
              "fullTitle": "Cypress Tests Should fail",
              "timedOut": null,
              "duration": 4140,
              "state": "failed",
              "speed": null,
              "pass": false,
              "fail": true,
              "pending": false,
              "context": null,
              "code": "cy.get('Fail');",
              "err": {
                "message": "AssertionError: Timed out retrying after 4000ms: Expected to find element: `Fail`, but never found it.",
                "estack": "AssertionError: Timed out retrying after 4000ms: Expected to find element: `Fail`, but never found it.\n    at Context.eval (webpack://your-project-name/./cypress/e2e/main.cy.ts:20:0)",
                "diff": null
              },
              "uuid": "389fb46f-4226-4573-988a-5796e51c5ccb",
              "parentUUID": "959f821f-2d28-4d78-8637-9a1466efb666",
              "isHook": false,
              "skipped": false
            }
          ],
          "suites": [],
          "passes": [
            "d1cb7a9d-c201-4522-9b01-a603f9857ebf",
            "db374448-2d71-4d7e-b759-61f57e4616f0"
          ],
          "failures": [
            "4a20518a-c9f8-4daa-bb76-8252db383af8",
            "389fb46f-4226-4573-988a-5796e51c5ccb"
          ],
          "pending": [],
          "skipped": [],
          "duration": 9272,
          "root": false,
          "rootEmpty": false,
          "_timeout": 2000
        }
      ],
      "passes": [],
      "failures": [],
      "pending": [],
      "skipped": [],
      "duration": 0,
      "root": true,
      "rootEmpty": true,
      "_timeout": 2000
    }
  ],
  "meta": {
    "mocha": {
      "version": "7.0.1"
    },
    "mochawesome": {
      "options": {
        "quiet": false,
        "reportFilename": "mochawesome",
        "saveHtml": false,
        "saveJson": true,
        "consoleReporter": "spec",
        "useInlineDiffs": false,
        "code": true
      },
      "version": "7.1.3"
    },
    "marge": {
      "options": {
        "reportDir": "src/html-report",
        "overwrite": true,
        "html": false,
        "json": true
      },
      "version": "6.2.0"
    }
  }
}