{
  "stats": {
    "suites": 1,
    "tests": 7,
    "passes": 5,
    "pending": 0,
    "failures": 2,
    "start": "2025-02-09T05:42:35.265Z",
    "end": "2025-02-09T05:42:42.038Z",
    "duration": 6773,
    "testsRegistered": 7,
    "passPercent": 71.42857142857143,
    "pendingPercent": 0,
    "other": 0,
    "hasOther": false,
    "skipped": 0,
    "hasSkipped": false
  },
  "results": [
    {
      "uuid": "9bdd4a54-7d77-4652-84cd-c10b61fbe1a0",
      "title": "",
      "fullFile": "cypress/e2e/main.cy.ts",
      "file": "cypress/e2e/main.cy.ts",
      "beforeHooks": [],
      "afterHooks": [],
      "tests": [],
      "suites": [
        {
          "uuid": "746e70c4-dc84-4916-be7e-216b07041ddc",
          "title": "Cypress Tests",
          "fullFile": "",
          "file": "",
          "beforeHooks": [],
          "afterHooks": [],
          "tests": [
            {
              "title": "Should load the page",
              "fullTitle": "Cypress Tests Should load the page",
              "timedOut": null,
              "duration": 534,
              "state": "passed",
              "speed": "fast",
              "pass": true,
              "fail": false,
              "pending": false,
              "context": null,
              "code": "cy.get('h1').should('be.visible');\ncy.get('nav').should('exist');",
              "err": {},
              "uuid": "bc935b94-a480-409f-8191-242cb9d029db",
              "parentUUID": "746e70c4-dc84-4916-be7e-216b07041ddc",
              "isHook": false,
              "skipped": false
            },
            {
              "title": "Should input a row on the dynamic table",
              "fullTitle": "Cypress Tests Should input a row on the dynamic table",
              "timedOut": null,
              "duration": 515,
              "state": "passed",
              "speed": "fast",
              "pass": true,
              "fail": false,
              "pending": false,
              "context": null,
              "code": "cy.get('input[name=\"name\"]').type(\"Testing\");\ncy.get('button[type=\"submit\"]').click();\ncy.get('div[class=\"toast\"]').should('be.visible');\ncy.get('tr').should('be.visible');",
              "err": {},
              "uuid": "4b6a5c3a-1445-403d-8b3e-52dfb200f836",
              "parentUUID": "746e70c4-dc84-4916-be7e-216b07041ddc",
              "isHook": false,
              "skipped": false
            },
            {
              "title": "Should remove a row on the dynamic table",
              "fullTitle": "Cypress Tests Should remove a row on the dynamic table",
              "timedOut": null,
              "duration": 420,
              "state": "passed",
              "speed": "fast",
              "pass": true,
              "fail": false,
              "pending": false,
              "context": null,
              "code": "cy.get('table tr').should('have.length', 1);\ncy.get('input[name=\"name\"]').type(\"Testing\");\ncy.get('button[type=\"submit\"]').click();\ncy.get('div[class=\"toast\"]').should('be.visible');\ncy.get('tr').should('be.visible');\ncy.get('table tr').should('have.length', 2);\ncy.get('.delete-row').click();\ncy.get('table tr').should('have.length', 1);",
              "err": {},
              "uuid": "bbe07f36-c115-4c3e-b95e-0ed34def5b17",
              "parentUUID": "746e70c4-dc84-4916-be7e-216b07041ddc",
              "isHook": false,
              "skipped": false
            },
            {
              "title": "Should display accordion content when accordion header is clicked",
              "fullTitle": "Cypress Tests Should display accordion content when accordion header is clicked",
              "timedOut": null,
              "duration": 134,
              "state": "passed",
              "speed": "fast",
              "pass": true,
              "fail": false,
              "pending": false,
              "context": null,
              "code": "cy.get('button[class=\"accordion-header\"]').contains(\"Item 1\").click();\ncy.get('.accordion-content > p').should('be.visible');",
              "err": {},
              "uuid": "0da0746a-187f-4353-8681-3f7ed886bde5",
              "parentUUID": "746e70c4-dc84-4916-be7e-216b07041ddc",
              "isHook": false,
              "skipped": false
            },
            {
              "title": "Should have a width of 0% initially",
              "fullTitle": "Cypress Tests Should have a width of 0% initially",
              "timedOut": null,
              "duration": 74,
              "state": "passed",
              "speed": "fast",
              "pass": true,
              "fail": false,
              "pending": false,
              "context": null,
              "code": "cy.get('#progress-bar')\n    .should('have.css', 'width', '0px');",
              "err": {},
              "uuid": "2e881b58-7559-424d-85e4-3b7b79b869b6",
              "parentUUID": "746e70c4-dc84-4916-be7e-216b07041ddc",
              "isHook": false,
              "skipped": false
            },
            {
              "title": "Should have a width greater than 0px after clicking \"Update Progress\"",
              "fullTitle": "Cypress Tests Should have a width greater than 0px after clicking \"Update Progress\"",
              "timedOut": null,
              "duration": 807,
              "state": "failed",
              "speed": null,
              "pass": false,
              "fail": true,
              "pending": false,
              "context": null,
              "code": "cy.get('#update-progress').click();\ncy.wait(500);\ncy.get('#progress-bar')\n    .invoke('css', 'width')\n    .then((width) => {\n    const widthValue = parseFloat(width);\n    expect(widthValue).to.be.greaterThan(0);\n});",
              "err": {
                "message": "AssertionError: expected 0 to be above 0",
                "estack": "AssertionError: expected 0 to be above 0\n    at Context.eval (webpack://your-project-name/./cypress/e2e/main.cy.ts:40:0)\n    at getRet (https://justin-wilkins.netlify.app/__cypress/runner/cypress_runner.js:118278:20)\n    at tryCatcher (https://justin-wilkins.netlify.app/__cypress/runner/cypress_runner.js:1777:23)\n    at Promise.attempt.Promise.try (https://justin-wilkins.netlify.app/__cypress/runner/cypress_runner.js:4285:29)\n    at Context.thenFn (https://justin-wilkins.netlify.app/__cypress/runner/cypress_runner.js:118289:66)\n    at Context.then (https://justin-wilkins.netlify.app/__cypress/runner/cypress_runner.js:118540:21)",
                "diff": ""
              },
              "uuid": "5068498b-a209-45a5-a66d-701afba70f27",
              "parentUUID": "746e70c4-dc84-4916-be7e-216b07041ddc",
              "isHook": false,
              "skipped": false
            },
            {
              "title": "Should fail",
              "fullTitle": "Cypress Tests Should fail",
              "timedOut": null,
              "duration": 4144,
              "state": "failed",
              "speed": null,
              "pass": false,
              "fail": true,
              "pending": false,
              "context": null,
              "code": "cy.get('Fail');",
              "err": {
                "message": "AssertionError: Timed out retrying after 4000ms: Expected to find element: `Fail`, but never found it.",
                "estack": "AssertionError: Timed out retrying after 4000ms: Expected to find element: `Fail`, but never found it.\n    at Context.eval (webpack://your-project-name/./cypress/e2e/main.cy.ts:44:0)",
                "diff": null
              },
              "uuid": "e88b8594-27c9-4eb9-9a39-25e50405a668",
              "parentUUID": "746e70c4-dc84-4916-be7e-216b07041ddc",
              "isHook": false,
              "skipped": false
            }
          ],
          "suites": [],
          "passes": [
            "bc935b94-a480-409f-8191-242cb9d029db",
            "4b6a5c3a-1445-403d-8b3e-52dfb200f836",
            "bbe07f36-c115-4c3e-b95e-0ed34def5b17",
            "0da0746a-187f-4353-8681-3f7ed886bde5",
            "2e881b58-7559-424d-85e4-3b7b79b869b6"
          ],
          "failures": [
            "5068498b-a209-45a5-a66d-701afba70f27",
            "e88b8594-27c9-4eb9-9a39-25e50405a668"
          ],
          "pending": [],
          "skipped": [],
          "duration": 6628,
          "root": false,
          "rootEmpty": false,
          "_timeout": 2000
        }
      ],
      "passes": [],
      "failures": [],
      "pending": [],
      "skipped": [],
      "duration": 0,
      "root": true,
      "rootEmpty": true,
      "_timeout": 2000
    }
  ],
  "meta": {
    "mocha": {
      "version": "7.0.1"
    },
    "mochawesome": {
      "options": {
        "quiet": false,
        "reportFilename": "mochawesome",
        "saveHtml": false,
        "saveJson": true,
        "consoleReporter": "spec",
        "useInlineDiffs": false,
        "code": true
      },
      "version": "7.1.3"
    },
    "marge": {
      "options": {
        "reportDir": "src/html-report",
        "overwrite": true,
        "html": false,
        "json": true
      },
      "version": "6.2.0"
    }
  }
}