{
  "stats": {
    "suites": 1,
    "tests": 7,
    "passes": 6,
    "pending": 0,
    "failures": 1,
    "start": "2025-10-14T23:05:59.875Z",
    "end": "2025-10-14T23:06:18.018Z",
    "duration": 18143,
    "testsRegistered": 7,
    "passPercent": 85.71428571428571,
    "pendingPercent": 0,
    "other": 0,
    "hasOther": false,
    "skipped": 0,
    "hasSkipped": false
  },
  "results": [
    {
      "uuid": "c5dc82d5-b333-4244-b0d4-559e1e1938f9",
      "title": "",
      "fullFile": "cypress/e2e/main.cy.ts",
      "file": "cypress/e2e/main.cy.ts",
      "beforeHooks": [],
      "afterHooks": [],
      "tests": [],
      "suites": [
        {
          "uuid": "337cb8e0-bdee-4ee2-8965-f8e25458f5cc",
          "title": "Cypress Tests",
          "fullFile": "",
          "file": "",
          "beforeHooks": [],
          "afterHooks": [],
          "tests": [
            {
              "title": "Should load the page",
              "fullTitle": "Cypress Tests Should load the page",
              "timedOut": null,
              "duration": 11768,
              "state": "passed",
              "speed": "slow",
              "pass": true,
              "fail": false,
              "pending": false,
              "context": null,
              "code": "cy.get('h1').should('be.visible');\ncy.get('nav').should('exist');",
              "err": {},
              "uuid": "13ea2c5a-e043-48f9-bcb4-66832ab7d9b0",
              "parentUUID": "337cb8e0-bdee-4ee2-8965-f8e25458f5cc",
              "isHook": false,
              "skipped": false
            },
            {
              "title": "Should input a row on the dynamic table",
              "fullTitle": "Cypress Tests Should input a row on the dynamic table",
              "timedOut": null,
              "duration": 526,
              "state": "passed",
              "speed": "fast",
              "pass": true,
              "fail": false,
              "pending": false,
              "context": null,
              "code": "cy.get('input[name=\"name\"]').type(\"Testing\");\ncy.get('button[type=\"submit\"]').click();\ncy.get('div[class=\"toast\"]').should('be.visible');\ncy.get('tr').should('be.visible');",
              "err": {},
              "uuid": "393c1363-1286-4bfa-afe7-a9afbf3895cc",
              "parentUUID": "337cb8e0-bdee-4ee2-8965-f8e25458f5cc",
              "isHook": false,
              "skipped": false
            },
            {
              "title": "Should remove a row on the dynamic table",
              "fullTitle": "Cypress Tests Should remove a row on the dynamic table",
              "timedOut": null,
              "duration": 498,
              "state": "passed",
              "speed": "fast",
              "pass": true,
              "fail": false,
              "pending": false,
              "context": null,
              "code": "cy.get('table tr').should('have.length', 1);\ncy.get('input[name=\"name\"]').type(\"Testing\");\ncy.get('button[type=\"submit\"]').click();\ncy.get('div[class=\"toast\"]').should('be.visible');\ncy.get('tr').should('be.visible');\ncy.get('table tr').should('have.length', 2);\ncy.get('.delete-row').click();\ncy.get('table tr').should('have.length', 1);",
              "err": {},
              "uuid": "83d93dac-d087-45bf-aea2-0f827dbe1ca4",
              "parentUUID": "337cb8e0-bdee-4ee2-8965-f8e25458f5cc",
              "isHook": false,
              "skipped": false
            },
            {
              "title": "Should display accordion content when accordion header is clicked",
              "fullTitle": "Cypress Tests Should display accordion content when accordion header is clicked",
              "timedOut": null,
              "duration": 208,
              "state": "passed",
              "speed": "fast",
              "pass": true,
              "fail": false,
              "pending": false,
              "context": null,
              "code": "cy.get('button[class=\"accordion-header\"]').contains(\"Item 1\").click();\ncy.get('.accordion-content > p').should('be.visible');",
              "err": {},
              "uuid": "11259b45-3345-453c-8933-0bf3b0e962c0",
              "parentUUID": "337cb8e0-bdee-4ee2-8965-f8e25458f5cc",
              "isHook": false,
              "skipped": false
            },
            {
              "title": "Should have a width of 0% initially",
              "fullTitle": "Cypress Tests Should have a width of 0% initially",
              "timedOut": null,
              "duration": 133,
              "state": "passed",
              "speed": "fast",
              "pass": true,
              "fail": false,
              "pending": false,
              "context": null,
              "code": "cy.get('#progress-bar')\n    .should('have.css', 'width', '0px');",
              "err": {},
              "uuid": "8a1fa922-5603-475f-bf84-73c72ab402b2",
              "parentUUID": "337cb8e0-bdee-4ee2-8965-f8e25458f5cc",
              "isHook": false,
              "skipped": false
            },
            {
              "title": "Should have a width greater than 0px after clicking \"Update Progress\"",
              "fullTitle": "Cypress Tests Should have a width greater than 0px after clicking \"Update Progress\"",
              "timedOut": null,
              "duration": 708,
              "state": "passed",
              "speed": "fast",
              "pass": true,
              "fail": false,
              "pending": false,
              "context": null,
              "code": "cy.get('#update-progress').click();\ncy.wait(500);\ncy.get('#progress-bar')\n    .invoke('css', 'width')\n    .then((width) => {\n    const widthValue = parseFloat(width);\n    expect(widthValue).to.be.greaterThan(0);\n});",
              "err": {},
              "uuid": "bc92fdf7-ee8a-4874-bc7f-8d67f5691693",
              "parentUUID": "337cb8e0-bdee-4ee2-8965-f8e25458f5cc",
              "isHook": false,
              "skipped": false
            },
            {
              "title": "Should fail",
              "fullTitle": "Cypress Tests Should fail",
              "timedOut": null,
              "duration": 4129,
              "state": "failed",
              "speed": null,
              "pass": false,
              "fail": true,
              "pending": false,
              "context": null,
              "code": "cy.get('Fail');",
              "err": {
                "message": "AssertionError: Timed out retrying after 4000ms: Expected to find element: `Fail`, but never found it.",
                "estack": "AssertionError: Timed out retrying after 4000ms: Expected to find element: `Fail`, but never found it.\n    at Context.eval (webpack://your-project-name/./cypress/e2e/main.cy.ts:44:0)",
                "diff": null
              },
              "uuid": "1294f279-2395-427f-8af6-57595910f18c",
              "parentUUID": "337cb8e0-bdee-4ee2-8965-f8e25458f5cc",
              "isHook": false,
              "skipped": false
            }
          ],
          "suites": [],
          "passes": [
            "13ea2c5a-e043-48f9-bcb4-66832ab7d9b0",
            "393c1363-1286-4bfa-afe7-a9afbf3895cc",
            "83d93dac-d087-45bf-aea2-0f827dbe1ca4",
            "11259b45-3345-453c-8933-0bf3b0e962c0",
            "8a1fa922-5603-475f-bf84-73c72ab402b2",
            "bc92fdf7-ee8a-4874-bc7f-8d67f5691693"
          ],
          "failures": [
            "1294f279-2395-427f-8af6-57595910f18c"
          ],
          "pending": [],
          "skipped": [],
          "duration": 17970,
          "root": false,
          "rootEmpty": false,
          "_timeout": 2000
        }
      ],
      "passes": [],
      "failures": [],
      "pending": [],
      "skipped": [],
      "duration": 0,
      "root": true,
      "rootEmpty": true,
      "_timeout": 2000
    }
  ],
  "meta": {
    "mocha": {
      "version": "7.0.1"
    },
    "mochawesome": {
      "options": {
        "quiet": false,
        "reportFilename": "mochawesome",
        "saveHtml": false,
        "saveJson": true,
        "consoleReporter": "spec",
        "useInlineDiffs": false,
        "code": true
      },
      "version": "7.1.3"
    },
    "marge": {
      "options": {
        "reportDir": "src/html-report",
        "overwrite": true,
        "html": false,
        "json": true
      },
      "version": "6.2.0"
    }
  }
}