{
  "stats": {
    "suites": 1,
    "tests": 2,
    "passes": 1,
    "pending": 0,
    "failures": 1,
    "start": "2025-02-09T04:05:28.231Z",
    "end": "2025-02-09T04:05:33.291Z",
    "duration": 5060,
    "testsRegistered": 2,
    "passPercent": 50,
    "pendingPercent": 0,
    "other": 0,
    "hasOther": false,
    "skipped": 0,
    "hasSkipped": false
  },
  "results": [
    {
      "uuid": "90f2f9f1-4503-463f-a8bd-1a8663e7bb07",
      "title": "",
      "fullFile": "cypress/e2e/main.cy.ts",
      "file": "cypress/e2e/main.cy.ts",
      "beforeHooks": [],
      "afterHooks": [],
      "tests": [],
      "suites": [
        {
          "uuid": "e0adcbc8-4bd0-468f-957b-d1023d6e97c4",
          "title": "Cypress Tests",
          "fullFile": "",
          "file": "",
          "beforeHooks": [],
          "afterHooks": [],
          "tests": [
            {
              "title": "Should load the page",
              "fullTitle": "Cypress Tests Should load the page",
              "timedOut": null,
              "duration": 712,
              "state": "passed",
              "speed": "fast",
              "pass": true,
              "fail": false,
              "pending": false,
              "context": null,
              "code": "cy.get('h1').should('be.visible');\ncy.get('nav').should('exist');",
              "err": {},
              "uuid": "c7aaf330-8c35-41ff-a3b0-04aef504cc59",
              "parentUUID": "e0adcbc8-4bd0-468f-957b-d1023d6e97c4",
              "isHook": false,
              "skipped": false
            },
            {
              "title": "Should fail",
              "fullTitle": "Cypress Tests Should fail",
              "timedOut": null,
              "duration": 4315,
              "state": "failed",
              "speed": null,
              "pass": false,
              "fail": true,
              "pending": false,
              "context": null,
              "code": "cy.get('YoMomma');",
              "err": {
                "message": "AssertionError: Timed out retrying after 4000ms: Expected to find element: `YoMomma`, but never found it.",
                "estack": "AssertionError: Timed out retrying after 4000ms: Expected to find element: `YoMomma`, but never found it.\n    at Context.eval (webpack://your-project-name/./cypress/e2e/main.cy.ts:10:0)",
                "diff": null
              },
              "uuid": "9f0d79de-3525-47a5-9b98-565b035dbdb0",
              "parentUUID": "e0adcbc8-4bd0-468f-957b-d1023d6e97c4",
              "isHook": false,
              "skipped": false
            }
          ],
          "suites": [],
          "passes": [
            "c7aaf330-8c35-41ff-a3b0-04aef504cc59"
          ],
          "failures": [
            "9f0d79de-3525-47a5-9b98-565b035dbdb0"
          ],
          "pending": [],
          "skipped": [],
          "duration": 5027,
          "root": false,
          "rootEmpty": false,
          "_timeout": 2000
        }
      ],
      "passes": [],
      "failures": [],
      "pending": [],
      "skipped": [],
      "duration": 0,
      "root": true,
      "rootEmpty": true,
      "_timeout": 2000
    }
  ],
  "meta": {
    "mocha": {
      "version": "7.0.1"
    },
    "mochawesome": {
      "options": {
        "quiet": false,
        "reportFilename": "mochawesome",
        "saveHtml": false,
        "saveJson": true,
        "consoleReporter": "spec",
        "useInlineDiffs": false,
        "code": true
      },
      "version": "7.1.3"
    },
    "marge": {
      "options": {
        "reportDir": "html-report",
        "overwrite": true,
        "html": false,
        "json": true
      },
      "version": "6.2.0"
    }
  }
}