{
  "stats": {
    "suites": 1,
    "tests": 2,
    "passes": 1,
    "pending": 0,
    "failures": 1,
    "start": "2025-02-09T03:22:41.140Z",
    "end": "2025-02-09T03:22:45.875Z",
    "duration": 4735,
    "testsRegistered": 2,
    "passPercent": 50,
    "pendingPercent": 0,
    "other": 0,
    "hasOther": false,
    "skipped": 0,
    "hasSkipped": false
  },
  "results": [
    {
      "uuid": "8f1779e1-6148-4a39-a699-c7b979a248e6",
      "title": "",
      "fullFile": "cypress/e2e/main.cy.ts",
      "file": "cypress/e2e/main.cy.ts",
      "beforeHooks": [],
      "afterHooks": [],
      "tests": [],
      "suites": [
        {
          "uuid": "d2c7537b-f782-4dd5-bbdd-600dfba3efe7",
          "title": "Cypress Tests",
          "fullFile": "",
          "file": "",
          "beforeHooks": [],
          "afterHooks": [],
          "tests": [
            {
              "title": "Should load the page",
              "fullTitle": "Cypress Tests Should load the page",
              "timedOut": null,
              "duration": 361,
              "state": "passed",
              "speed": "fast",
              "pass": true,
              "fail": false,
              "pending": false,
              "context": null,
              "code": "cy.get('h1').should('be.visible');\ncy.get('nav').should('exist');",
              "err": {},
              "uuid": "8ac3e959-05b3-41ba-9972-a6df57eedea4",
              "parentUUID": "d2c7537b-f782-4dd5-bbdd-600dfba3efe7",
              "isHook": false,
              "skipped": false
            },
            {
              "title": "Should fail",
              "fullTitle": "Cypress Tests Should fail",
              "timedOut": null,
              "duration": 4335,
              "state": "failed",
              "speed": null,
              "pass": false,
              "fail": true,
              "pending": false,
              "context": null,
              "code": "cy.get('YoMomma');",
              "err": {
                "message": "AssertionError: Timed out retrying after 4000ms: Expected to find element: `YoMomma`, but never found it.",
                "estack": "AssertionError: Timed out retrying after 4000ms: Expected to find element: `YoMomma`, but never found it.\n    at Context.eval (webpack://your-project-name/./cypress/e2e/main.cy.ts:10:0)",
                "diff": null
              },
              "uuid": "4972564e-2d9a-478f-b377-b1cba3cb5b30",
              "parentUUID": "d2c7537b-f782-4dd5-bbdd-600dfba3efe7",
              "isHook": false,
              "skipped": false
            }
          ],
          "suites": [],
          "passes": [
            "8ac3e959-05b3-41ba-9972-a6df57eedea4"
          ],
          "failures": [
            "4972564e-2d9a-478f-b377-b1cba3cb5b30"
          ],
          "pending": [],
          "skipped": [],
          "duration": 4696,
          "root": false,
          "rootEmpty": false,
          "_timeout": 2000
        }
      ],
      "passes": [],
      "failures": [],
      "pending": [],
      "skipped": [],
      "duration": 0,
      "root": true,
      "rootEmpty": true,
      "_timeout": 2000
    }
  ],
  "meta": {
    "mocha": {
      "version": "7.0.1"
    },
    "mochawesome": {
      "options": {
        "quiet": false,
        "reportFilename": "mochawesome",
        "saveHtml": false,
        "saveJson": true,
        "consoleReporter": "spec",
        "useInlineDiffs": false,
        "code": true
      },
      "version": "7.1.3"
    },
    "marge": {
      "options": {
        "reportDir": "results",
        "overwrite": true,
        "html": false,
        "json": true
      },
      "version": "6.2.0"
    }
  }
}