{
  "stats": {
    "suites": 1,
    "tests": 2,
    "passes": 1,
    "pending": 0,
    "failures": 1,
    "start": "2025-02-09T03:20:12.843Z",
    "end": "2025-02-09T03:20:17.826Z",
    "duration": 4983,
    "testsRegistered": 2,
    "passPercent": 50,
    "pendingPercent": 0,
    "other": 0,
    "hasOther": false,
    "skipped": 0,
    "hasSkipped": false
  },
  "results": [
    {
      "uuid": "04167fbd-b9f9-4a44-b5c3-2a64b6f49bc4",
      "title": "",
      "fullFile": "cypress/e2e/main.cy.ts",
      "file": "cypress/e2e/main.cy.ts",
      "beforeHooks": [],
      "afterHooks": [],
      "tests": [],
      "suites": [
        {
          "uuid": "8db475aa-00cd-44ef-a044-42944caf4ead",
          "title": "Cypress Tests",
          "fullFile": "",
          "file": "",
          "beforeHooks": [],
          "afterHooks": [],
          "tests": [
            {
              "title": "Should load the page",
              "fullTitle": "Cypress Tests Should load the page",
              "timedOut": null,
              "duration": 560,
              "state": "passed",
              "speed": "fast",
              "pass": true,
              "fail": false,
              "pending": false,
              "context": null,
              "code": "cy.get('h1').should('be.visible');\ncy.get('nav').should('exist');",
              "err": {},
              "uuid": "8c894d2c-d9e3-42b2-a9dc-437f06950075",
              "parentUUID": "8db475aa-00cd-44ef-a044-42944caf4ead",
              "isHook": false,
              "skipped": false
            },
            {
              "title": "Should fail",
              "fullTitle": "Cypress Tests Should fail",
              "timedOut": null,
              "duration": 4384,
              "state": "failed",
              "speed": null,
              "pass": false,
              "fail": true,
              "pending": false,
              "context": null,
              "code": "cy.get('YoMomma');",
              "err": {
                "message": "AssertionError: Timed out retrying after 4000ms: Expected to find element: `YoMomma`, but never found it.",
                "estack": "AssertionError: Timed out retrying after 4000ms: Expected to find element: `YoMomma`, but never found it.\n    at Context.eval (webpack://your-project-name/./cypress/e2e/main.cy.ts:10:0)",
                "diff": null
              },
              "uuid": "6d539d14-fc0e-4d7f-8044-140e9a97d45c",
              "parentUUID": "8db475aa-00cd-44ef-a044-42944caf4ead",
              "isHook": false,
              "skipped": false
            }
          ],
          "suites": [],
          "passes": [
            "8c894d2c-d9e3-42b2-a9dc-437f06950075"
          ],
          "failures": [
            "6d539d14-fc0e-4d7f-8044-140e9a97d45c"
          ],
          "pending": [],
          "skipped": [],
          "duration": 4944,
          "root": false,
          "rootEmpty": false,
          "_timeout": 2000
        }
      ],
      "passes": [],
      "failures": [],
      "pending": [],
      "skipped": [],
      "duration": 0,
      "root": true,
      "rootEmpty": true,
      "_timeout": 2000
    }
  ],
  "meta": {
    "mocha": {
      "version": "7.0.1"
    },
    "mochawesome": {
      "options": {
        "quiet": false,
        "reportFilename": "mochawesome",
        "saveHtml": false,
        "saveJson": true,
        "consoleReporter": "spec",
        "useInlineDiffs": false,
        "code": true
      },
      "version": "7.1.3"
    },
    "marge": {
      "options": {
        "reportDir": "results",
        "overwrite": true,
        "html": false,
        "json": true
      },
      "version": "6.2.0"
    }
  }
}